p_name
forest brown coral puff cream
cream misty steel spring medium
sky cream deep tomato rosy
tomato chartreuse coral turquoise linen
navy sky spring orchid forest
deep dim peach light beige
tan thistle frosted indian lawn
chartreuse linen violet ghost thistle
magenta blue chartreuse tan green
dodger white chiffon moccasin green
beige cornflower gainsboro chiffon wheat
aquamarine seashell grey navy white
orange yellow drab grey blanched
misty snow lace burnished linen
royal metallic lawn spring firebrick
mint dodger chocolate papaya azure
deep antique royal bisque rosy
beige blanched coral cornsilk sky
gainsboro sky turquoise ghost mint
chocolate burnished orchid mint royal
dim misty lime purple cornsilk
forest puff drab beige blue
aquamarine rosy violet moccasin snow
moccasin light purple sky magenta
firebrick ghost steel green chartreuse
blanched maroon blush burlywood salmon
lawn lace burnished hot frosted
lawn khaki green cornflower sienna
peru firebrick coral chartreuse rosy
chartreuse pink azure tan slate
blue olive tan rosy navajo
dim cornflower powder bisque tomato
slate mint plum drab khaki
cornflower hot lace navy chocolate
gainsboro navajo mint cornflower grey
sienna dodger olive misty deep
brown olive black seashell lavender
rosy gainsboro maroon blue burlywood
cornflower hot red aquamarine powder
misty lavender cream red midnight
cream green floral powder dim
cream puff coral ghost burlywood
orange tan medium drab midnight
sky purple lace orchid tan
powder olive spring puff azure
lavender bisque light cream seashell
burnished cornsilk chiffon plum forest
dim orange beige plum navy
forest lime maroon hot coral
white dim green aquamarine turquoise
sandy mint light medium saddle
coral light mint chartreuse beige
orchid navy bisque powder olive
